<?xml version="1.0" encoding="UTF-8"?>
<testng-results skipped="0" failed="0" total="0" passed="0">
  <reporter-output>
  </reporter-output>
  <suite name="Selenium.SeleniumTesting.AppTest" duration-ms="0" started-at="2018-05-10T18:49:24Z" finished-at="2018-05-10T18:49:24Z">
    <groups>
    </groups>
    <test name="Command line test" duration-ms="0" started-at="2018-05-10T18:49:24Z" finished-at="2018-05-10T18:49:24Z">
    </test> <!-- Command line test -->
  </suite> <!-- Selenium.SeleniumTesting.AppTest -->
</testng-results>
