<?xml version="1.0" encoding="UTF-8"?>
<testng-results skipped="0" failed="0" ignored="0" total="1" passed="1">
  <reporter-output>
  </reporter-output>
  <suite name="Default suite" duration-ms="35" started-at="2018-05-10T19:50:15Z" finished-at="2018-05-10T19:50:15Z">
    <groups>
    </groups>
    <test name="Default test" duration-ms="35" started-at="2018-05-10T19:50:15Z" finished-at="2018-05-10T19:50:15Z">
      <class name="Selenium.SeleniumTesting.Demo">
        <test-method status="PASS" signature="acountAmount()[pri:0, instance:Selenium.SeleniumTesting.Demo@5034c75a]" name="acountAmount" duration-ms="13" started-at="2018-05-10T19:50:15Z" finished-at="2018-05-10T19:50:15Z">
          <reporter-output>
          </reporter-output>
        </test-method> <!-- acountAmount -->
      </class> <!-- Selenium.SeleniumTesting.Demo -->
    </test> <!-- Default test -->
  </suite> <!-- Default suite -->
</testng-results>
